Oct  2 16:30:32: This is not a valid APRS packet: FNT010128>OGNFNT,qAS,Mauwjo:/162527h4913.18N/00822.47E_268/000g000 0.0dB
Oct  2 16:30:33: This is not a valid APRS packet: FNT010128>OGNFNT,qAS,Mauwjo:/162528h4913.18N/00822.47E_268/000g000 0.3dB
Oct  2 16:31:39: This is not a valid APRS packet: RND000000>APRS,qAS,TROCALAN2:/162842h6505.31S/18136.75W^054/325/A=002591 !W31! idA4000000 +099fpm +1.8rot FL029.04 15.5dB 0e -7.3kHz gps11x17
Oct  2 16:31:49: This is not a valid APRS packet: RND000000>APRS,qAS,TROCALAN2:/163142h6505.31S/18136.75W^054/325/A=002591 !W31! idA4000000 +099fpm +1.8rot FL029.04 14.5dB 0e -7.3kHz gps11x17
Oct  2 16:31:55: This is not a valid APRS packet: FNT010128>OGNFNT,qAS,Mauwjo:/162650h4913.18N/00822.47E_268/000g000 0.0dB
Oct  2 16:31:55: This is not a valid APRS packet: FNT010128>OGNFNT,qAS,Mauwjo:/162650h4913.18N/00822.47E_268/000g000 0.2dB
Oct  2 16:33:18: This is not a valid APRS packet: FNT010128>OGNFNT,qAS,Mauwjo:/162813h4913.18N/00822.47E_268/000g000 0.3dB
Oct  2 16:33:55: This is not a valid APRS packet: FNTFB30E4>OGNFNT,qAS,EDKD:/163353h9010.85N/08833.23E_.../...g...t... 25.3dB -15.8kHz 6e
Oct  2 16:33:57: This is not a valid APRS packet: RND000000>APRS,qAS,TROCALAN2:/163342h6505.31S/18136.75W^054/325/A=002591 !W31! idA4000000 +099fpm +1.8rot FL029.04 14.0dB 0e -7.3kHz gps11x17
Oct  2 16:34:36: This is not a valid APRS packet: FNTFB30E4>OGNFNT,qAS,EDKD:/163434h9010.85N/08833.23E_.../...g...t... 28.8dB -15.9kHz
Oct  2 16:34:40: This is not a valid APRS packet: FNT010128>OGNFNT,qAS,Mauwjo:/162935h4913.18N/00822.47E_268/000g000 0.0dB
Oct  2 16:34:41: This is not a valid APRS packet: FNT010128>OGNFNT,qAS,Mauwjo:/162936h4913.18N/00822.47E_268/000g000 0.3dB
Oct  2 16:35:17: This is not a valid APRS packet: FNTFB30E4>OGNFNT,qAS,EDKD:/163515h9010.85N/08833.23E_.../...g...t... 25.0dB -15.7kHz 6e
Oct  2 16:35:56: This is not a valid APRS packet: RND000000>APRS,qAS,GOE2:/163442h6505.31S/18136.75W^054/325/A=002591 !W31! idA4000000 +099fpm +1.8rot FL029.04 20.8dB 0e -18.1kHz gps11x17
Oct  2 16:35:56: This is not a valid APRS packet: RND000000>APRS,qAS,GOE2:/163542h6505.31S/18136.75W^054/325/A=002591 !W31! idA4000000 +099fpm +1.8rot FL029.04 14.8dB 0e -18.1kHz gps11x17
Oct  2 16:36:03: This is not a valid APRS packet: FNT010128>OGNFNT,qAS,Mauwjo:/163058h4913.18N/00822.47E_268/000g000 0.2dB
Oct  2 16:36:15: This is not a valid APRS packet: RND000000>APRS,qAS,TROCALAN2:/163542h6505.31S/18136.75W^054/325/A=002591 !W31! idA4000000 +099fpm +1.8rot FL029.04 15.0dB 1e -7.3kHz gps11x17
Oct  2 16:36:39: This is not a valid APRS packet: FNTFB30E4>OGNFNT,qAS,EDKD:/163637h9010.85N/08833.23E_.../...g...t... 26.8dB -15.7kHz 5e
Oct  2 16:36:48: This is not a valid APRS packet: RND000000>APRS,qAS,GOE2:/163642h6505.31S/18136.75W^054/325/A=002591 !W31! idA4000000 +099fpm +1.8rot FL029.04 14.2dB 0e -18.1kHz gps11x17
Oct  2 16:37:26: This is not a valid APRS packet: FNT010128>OGNFNT,qAS,Mauwjo:/163221h4913.18N/00822.47E_268/000g000 0.3dB
Oct  2 16:37:49: This is not a valid APRS packet: RND000000>APRS,qAS,GOE2:/163742h6505.31S/18136.75W^054/325/A=002591 !W31! idA4000000 +099fpm +1.8rot FL029.04 13.5dB 0e -18.1kHz gps11x17
Oct  2 16:38:49: This is not a valid APRS packet: FNT010128>OGNFNT,qAS,Mauwjo:/163343h4913.18N/00822.47E_268/000g000 0.4dB
