This is not a valid APRS packet: FNT051450>OGNFNT,qAS,LSXI1:/173018h4642.14N/00749.31E_000/000g000t-198h00 26.5dB -8.0kHz 21e
This is not a valid APRS packet: FNT05100D>OGNFNT,qAS,LSXI1:/173038h4642.68N/00746.60E_120/016g023t-113h68 27.0dB -8.0kHz 15e
This is not a valid APRS packet: FNT051450>OGNFNT,qAS,LSXI1:/173118h4642.14N/00749.31E_000/000g000t-198h00 26.3dB -8.0kHz
This is not a valid APRS packet: FNT010128>OGNFNT,qAS,Mauwjo:/173123h4913.18N/00822.47E_268/000g000 0.2dB
This is not a valid APRS packet: FNT05100D>OGNFNT,qAS,LSXI1:/173138h4642.68N/00746.60E_120/016g023t-113h68 28.0dB -8.1kHz 1e
This is not a valid APRS packet: FNT051450>OGNFNT,qAS,LSXI1:/173218h4642.14N/00749.31E_000/000g000t-198h00 29.0dB -8.0kHz
This is not a valid APRS packet: FNT010121>OGNFNT,qAS,Mauwjo:/173228h4911.50N/00800.27E_025/002g004 0.1dB
This is not a valid APRS packet: RND000000>APRS,qAS,Hvalsoe:/173142h6505.31S/18136.75W^054/325/A=002591 !W31! idA4000000 +099fpm +1.8rot FL029.04 8.8dB 3e -5.2kHz gps11x17
This is not a valid APRS packet: FNT05100D>OGNFNT,qAS,LSXI1:/173238h4642.68N/00746.60E_113/014g022t-113h68 26.3dB -8.0kHz 22e
This is not a valid APRS packet: FNT010128>OGNFNT,qAS,Mauwjo:/173246h4913.18N/00822.47E_268/000g000 0.3dB
This is not a valid APRS packet: FNT051450>OGNFNT,qAS,LSXI1:/173318h4642.14N/00749.31E_000/000g000t-198h00 27.0dB -8.1kHz 15e
This is not a valid APRS packet: FNT05100D>OGNFNT,qAS,LSXI1:/173338h4642.68N/00746.60E_113/014g022t-113h68 27.0dB -8.0kHz 15e
This is not a valid APRS packet: FNT11742B>OGNFNT,qAS,Mauwjo:/173344h1057.52S/11355.12W_137/015g010h71b30254 0.0dB
This is not a valid APRS packet: FNT010121>OGNFNT,qAS,Mauwjo:/173350h4911.50N/00800.27E_025/003g005 0.3dB
This is not a valid APRS packet: FNT051450>OGNFNT,qAS,LSXI1:/173418h4642.14N/00749.31E_000/000g000t-198h00 28.5dB -8.2kHz
This is not a valid APRS packet: FNT010121>OGNFNT,qAS,Mauwjo:/173512h4911.50N/00800.27E_022/001g004 0.2dB
This is not a valid APRS packet: FNT010128>OGNFNT,qAS,Mauwjo:/173531h4913.18N/00822.47E_268/000g000 0.0dB
This is not a valid APRS packet: FNT010128>OGNFNT,qAS,Mauwjo:/173532h4913.18N/00822.47E_268/000g000 0.3dB
This is not a valid APRS packet: FNT05100D>OGNFNT,qAS,LSXI1:/173538h4642.68N/00746.60E_113/014g022t-113h68 29.5dB -8.1kHz
This is not a valid APRS packet: FNT051450>OGNFNT,qAS,LSXI1:/173618h4642.14N/00749.31E_000/000g000t-198h00 25.5dB -8.1kHz 21e
This is not a valid APRS packet: FNT010121>OGNFNT,qAS,Mauwjo:/173635h4911.50N/00800.27E_022/001g003 0.1dB
This is not a valid APRS packet: FNT05100D>OGNFNT,qAS,LSXI1:/173638h4642.68N/00746.60E_113/014g022t-113h68 30.0dB -8.1kHz
This is not a valid APRS packet: FNT010128>OGNFNT,qAS,Mauwjo:/173655h4913.18N/00822.47E_268/000g000 0.2dB
This is not a valid APRS packet: FNT05100D>OGNFNT,qAS,LSXI1:/173738h4642.68N/00746.60E_117/014g018t-113h68 24.5dB -8.1kHz 23e
This is not a valid APRS packet: FNT010121>OGNFNT,qAS,Mauwjo:/173757h4911.50N/00800.27E_022/002g003 0.2dB
This is not a valid APRS packet: PAW404456>APRS,qAS,PWEGBG:/173812h5304.35N\000  nanE^234/039/A=001955 !W5n! id23404456 +000fpm +0.0rot 20.0dB 0e -6.0kHz gps1x1
This is not a valid APRS packet: FNT010128>OGNFNT,qAS,Mauwjo:/173818h4913.18N/00822.47E_268/000g000 0.2dB
This is not a valid APRS packet: FNT051450>OGNFNT,qAS,LSXI1:/173818h4642.14N/00749.31E_000/000g000t-198h00 29.8dB -8.2kHz
This is not a valid APRS packet: C-GHGG>OGNEMO,qAS,CYSA1:/173839h20200.25N/16758.68E'040/137/A=000069 !W60! id21C057C7 +500fpm +0.0rot 6.0dB 0e 0.0kHz gps3x5
This is not a valid APRS packet: FNT051450>OGNFNT,qAS,LSXI1:/173918h4642.14N/00749.31E_000/000g000t-198h00 29.5dB -8.2kHz
This is not a valid APRS packet: FNT010121>OGNFNT,qAS,Mauwjo:/173920h4911.50N/00800.27E_022/001g003 0.1dB
This is not a valid APRS packet: FNT05100D>OGNFNT,qAS,LSXI1:/173938h4642.68N/00746.60E_117/014g018t-113h68 24.3dB -8.2kHz 20e
This is not a valid APRS packet: FNT010128>OGNFNT,qAS,Mauwjo:/173941h4913.18N/00822.47E_268/000g000 0.2dB
This is not a valid APRS packet: RND000000>APRS,qAS,Hvalsoe:/173742h6505.31S/18136.75W^054/325/A=002591 !W31! idA4000000 +099fpm +1.8rot FL029.04 8.5dB 0e -5.2kHz gps11x17
This is not a valid APRS packet: RND000000>APRS,qAS,Hvalsoe:/173942h6505.31S/18136.75W^054/325/A=002591 !W31! idA4000000 +099fpm +1.8rot FL029.04 7.8dB 0e -7.0kHz gps11x17
This is not a valid APRS packet: FNTFBACA4>OGNFNT,qAS,Sonthofen:/174011h5807.34S/06923.65E_2147483647/2147483647g2147483647 0.0dB
This is not a valid APRS packet: FNT051450>OGNFNT,qAS,LSXI1:/174018h4642.14N/00749.31E_000/000g000t-198h00 25.5dB -8.2kHz 21e
This is not a valid APRS packet: FNT05100D>OGNFNT,qAS,LSXI1:/174038h4642.68N/00746.60E_117/014g018t-113h68 27.5dB -8.2kHz 14e
This is not a valid APRS packet: FNT010121>OGNFNT,qAS,Mauwjo:/174042h4911.50N/00800.27E_022/002g004 0.2dB
This is not a valid APRS packet: FNT010128>OGNFNT,qAS,Mauwjo:/174104h4913.18N/00822.47E_268/000g000 0.1dB
This is not a valid APRS packet: FNT051450>OGNFNT,qAS,LSXI1:/174118h4642.14N/00749.31E_000/000g000t-198h00 30.0dB -8.2kHz
This is not a valid APRS packet: FNT05100D>OGNFNT,qAS,LSXI1:/200138h4642.68N/00746.60E_293/008g014t-113h68 27.8dB -8.9kHz 1e
This is not a valid APRS packet: FNTFBACA4>OGNFNT,qAS,Sonthofen:/195338h5807.34S/00000.23E_2147483647/2147483647g2147483647 0.0dB
