
17:30:16 EliServices Ground Assistant Library started.
Loading done in: 0.31sec.
Created table in: 2.38sec.
EliServices GA utility aprs.py at version 2.0

Executed: INSERT INTO 2021_06_23 VALUES ("17:30:16","flarm","LuDaN","3D24DE","1","ICA3D24DE","OGFLR",49.6393,8.4151,114.81,562.97,0.2,0.0,1,2);
Executed: INSERT INTO 2021_06_23 VALUES ("17:30:19","flarm","edfz2","3DE586","3","ICA3DE586","OGFLR",49.9855833,8.7215667,233.33,409.96,0.0,0.0,1,2);
Executed: INSERT INTO 2021_06_23 VALUES ("17:30:19","flarm","HochschDA","3DE586","3","ICA3DE586","OGFLR",49.9856,8.7215667,233.33,409.04,0.0,0.0,1,2);
Executed: INSERT INTO 2021_06_23 VALUES ("17:30:20","flarm","LuDaN","3D24DE","1","ICA3D24DE","OGFLR",49.6404333,8.4156667,118.52,564.18,1.61,2.7,1,2);
Executed: INSERT INTO 2021_06_23 VALUES ("17:30:22","flarm","LuDaN","3D24DE","1","ICA3D24DE","OGFLR",49.6409333,8.4161667,118.52,569.06,2.62,1.2,1,2);
Executed: INSERT INTO 2021_06_23 VALUES ("17:30:25","flarm","LuDaN","3D24DE","1","ICA3D24DE","OGFLR",49.6416667,8.4169333,114.81,576.99,3.22,0.0,1,2);
Executed: INSERT INTO 2021_06_23 VALUES ("17:30:28","flarm","HochschDA","3DE586","3","ICA3DE586","OGFLR",49.9839667,8.7137667,237.03,409.04,-0.4,0.0,1,2);
Executed: INSERT INTO 2021_06_23 VALUES ("17:30:29","flarm","LuDaN","3D24DE","1","ICA3D24DE","OGFLR",49.6426833,8.4178,112.96,587.04,1.21,-3.0,1,2);
Executed: INSERT INTO 2021_06_23 VALUES ("17:30:28","flarm","edfz2","3DE586","3","ICA3DE586","OGFLR",49.9839667,8.71375,237.03,409.96,-0.4,0.0,1,2);
Executed: INSERT INTO 2021_06_23 VALUES ("17:30:32","flarm","LuDaN","3D24DE","1","ICA3D24DE","OGFLR",49.6435333,8.4181,116.66,589.18,0.2,-0.6,1,2);
Executed: INSERT INTO 2021_06_23 VALUES ("17:30:32","flarm","HochschDA","3DE586","3","ICA3DE586","OGFLR",49.9832667,8.7102667,237.03,409.96,0.4,0.0,1,2);
Executed: INSERT INTO 2021_06_23 VALUES ("17:30:34","flarm","LuDaN","3D24DE","1","ICA3D24DE","OGFLR",49.6441333,8.41825,122.22,587.04,-0.8,0.6,1,2);
Executed: INSERT INTO 2021_06_23 VALUES ("17:30:37","flarm","LuDaN","3D24DE","1","ICA3D24DE","OGFLR",49.64505,8.4185833,127.78,587.04,0.2,1.2,1,2);
Executed: INSERT INTO 2021_06_23 VALUES ("17:30:39","flarm","LuDaN","3D24DE","1","ICA3D24DE","OGFLR",49.6456667,8.4189167,129.63,589.18,1.81,0.9,1,2);
Executed: INSERT INTO 2021_06_23 VALUES ("17:30:41","flarm","LuDaN","3D24DE","1","ICA3D24DE","OGFLR",49.6462833,8.4193167,131.48,594.06,3.02,0.9,1,2);
Executed: INSERT INTO 2021_06_23 VALUES ("17:30:42","flarm","HochschDA","3DE586","3","ICA3DE586","OGFLR",49.9814333,8.70155,238.89,409.04,-0.8,-0.3,1,2);
Executed: INSERT INTO 2021_06_23 VALUES ("17:30:43","flarm","LuDaN","3D24DE","1","ICA3D24DE","OGFLR",49.6469,8.4197167,131.48,601.98,4.42,0.0,1,2);
Executed: INSERT INTO 2021_06_23 VALUES ("17:30:45","flarm","HochschDA","3DE586","3","ICA3DE586","OGFLR",49.9809,8.6989333,237.03,411.18,0.4,0.0,1,2);
Executed: INSERT INTO 2021_06_23 VALUES ("17:30:44","flarm","edfz2","3DE586","3","ICA3DE586","OGFLR",49.98105,8.6997833,237.03,411.18,0.4,0.0,1,2);
Executed: INSERT INTO 2021_06_23 VALUES ("17:30:50","flarm","edfz2","3DE586","3","ICA3DE586","OGFLR",49.97995,8.6945833,237.03,412.09,0.4,0.0,1,2);
Executed: INSERT INTO 2021_06_23 VALUES ("17:30:52","flarm","LuDaN","3D24DE","1","ICA3D24DE","OGFLR",49.6495667,8.4216667,129.63,635.2,2.21,-0.6,1,2);
Executed: INSERT INTO 2021_06_23 VALUES ("17:30:54","flarm","edfz2","3DE586","3","ICA3DE586","OGFLR",49.9792833,8.6910833,237.03,413.0,-0.4,0.6,1,2);
Executed: INSERT INTO 2021_06_23 VALUES ("17:30:56","flarm","LuDaN","3D24DE","1","ICA3D24DE","OGFLR",49.6508167,8.4224833,133.33,644.04,3.02,0.0,1,2);
Executed: INSERT INTO 2021_06_23 VALUES ("17:30:59","flarm","LuDaN","3D24DE","1","ICA3D24DE","OGFLR",49.65175,8.4230833,133.33,651.05,1.61,-0.3,1,2);
Executed: INSERT INTO 2021_06_23 VALUES ("17:30:59","flarm","edfz2","3DE586","3","ICA3DE586","OGFLR",49.9784333,8.6866833,237.03,411.18,-0.8,0.6,1,2);
Executed: INSERT INTO 2021_06_23 VALUES ("17:31:01","flarm","LuDaN","3D24DE","1","ICA3D24DE","OGFLR",49.6523833,8.4235167,138.89,650.14,-1.8,0.0,1,2);
Executed: INSERT INTO 2021_06_23 VALUES ("17:31:02","flarm","LuDaN","3D24DE","1","ICA3D24DE","OGFLR",49.6527167,8.4237167,142.59,647.09,-3.22,-0.3,1,2);
Executed: INSERT INTO 2021_06_23 VALUES ("17:31:04","flarm","edfz2","3DE586","3","ICA3DE586","OGFLR",49.9778167,8.6822333,233.33,409.96,0.4,1.2,1,2);
Executed: INSERT INTO 2021_06_23 VALUES ("17:31:06","flarm","LuDaN","3D24DE","1","ICA3D24DE","OGFLR",49.6541833,8.4245,159.26,636.12,-2.41,-0.6,1,2);
Executed: INSERT INTO 2021_06_23 VALUES ("17:31:08","flarm","LuDaN","3D24DE","1","ICA3D24DE","OGFLR",49.6549667,8.4248667,164.81,635.2,1.21,-0.3,1,2);
Executed: INSERT INTO 2021_06_23 VALUES ("17:31:09","flarm","LuDaN","3D24DE","1","ICA3D24DE","OGFLR",49.6553667,8.42505,164.81,639.17,2.41,0.0,1,2);
Executed: INSERT INTO 2021_06_23 VALUES ("17:31:11","flarm","edfz2","3DE586","3","ICA3DE586","OGFLR",49.9773667,8.676,229.63,411.18,0.4,0.3,1,2);
Executed: INSERT INTO 2021_06_23 VALUES ("17:31:12","flarm","LuDaN","3D24DE","1","ICA3D24DE","OGFLR",49.6565667,8.4255667,161.11,647.09,2.81,0.3,1,2);
Executed: INSERT INTO 2021_06_23 VALUES ("17:31:14","flarm","LuDaN","3D24DE","1","ICA3D24DE","OGFLR",49.65735,8.4259333,162.96,649.22,-0.4,-0.3,1,2);
Executed: INSERT INTO 2021_06_23 VALUES ("17:31:17","flarm","LuDaN","3D24DE","1","ICA3D24DE","OGFLR",49.6585667,8.42645,168.52,647.09,-0.4,-0.9,1,2);
Executed: INSERT INTO 2021_06_23 VALUES ("17:31:19","flarm","LuDaN","3D24DE","1","ICA3D24DE","OGFLR",49.6594,8.4267167,168.52,649.22,1.01,-0.9,1,2);
Executed: INSERT INTO 2021_06_23 VALUES ("17:31:22","flarm","LuDaN","3D24DE","1","ICA3D24DE","OGFLR",49.66065,8.4270667,170.37,649.22,-0.6,0.0,1,2);
Executed: INSERT INTO 2021_06_23 VALUES ("17:31:20","flarm","edfz2","3DE586","3","ICA3DE586","OGFLR",49.9770833,8.6679833,229.63,412.09,0.4,0.0,1,2);
Executed: INSERT INTO 2021_06_23 VALUES ("17:31:26","flarm","LuDaN","3D24DE","1","ICA3D24DE","OGFLR",49.66235,8.4274167,170.37,647.09,-1.61,0.0,1,2);
Executed: INSERT INTO 2021_06_23 VALUES ("17:31:31","flarm","edfz2","3DE586","3","ICA3DE586","OGFLR",49.9768833,8.6581167,233.33,409.96,-0.4,0.0,1,2);
Executed: INSERT INTO 2021_06_23 VALUES ("17:31:32","flarm","LuDaN","3D24DE","1","ICA3D24DE","OGFLR",49.6649667,8.4278833,177.78,640.08,-1.61,-0.3,1,2);
Executed: INSERT INTO 2021_06_23 VALUES ("17:31:34","flarm","LuDaN","3D24DE","1","ICA3D24DE","OGFLR",49.6658667,8.4279833,179.63,640.08,0.6,-0.3,1,2);
Executed: INSERT INTO 2021_06_23 VALUES ("17:31:36","flarm","LuDaN","3D24DE","1","ICA3D24DE","OGFLR",49.6667833,8.4280333,179.63,642.21,0.4,0.0,1,2);
Executed: INSERT INTO 2021_06_23 VALUES ("17:31:38","flarm","LuDaN","3D24DE","1","ICA3D24DE","OGFLR",49.6676667,8.4281167,177.78,640.08,-0.4,0.0,1,2);
Executed: INSERT INTO 2021_06_23 VALUES ("17:31:40","flarm","LuDaN","3D24DE","1","ICA3D24DE","OGFLR",49.6685667,8.4281833,177.78,637.95,-1.4,0.0,1,2);
Executed: INSERT INTO 2021_06_23 VALUES ("17:31:44","flarm","LuDaN","3D24DE","1","ICA3D24DE","OGFLR",49.67035,8.42835,177.78,637.95,2.81,1.2,1,2);
Executed: INSERT INTO 2021_06_23 VALUES ("17:31:44","flarm","edfz2","3DE586","3","ICA3DE586","OGFLR",49.9767,8.6464167,231.48,409.96,0.4,-0.6,1,2);
Executed: INSERT INTO 2021_06_23 VALUES ("17:31:46","flarm","LuDaN","3D24DE","1","ICA3D24DE","OGFLR",49.6712167,8.4286,172.22,644.96,4.02,1.5,1,2);
Executed: INSERT INTO 2021_06_23 VALUES ("17:31:48","flarm","LuDaN","3D24DE","1","ICA3D24DE","OGFLR",49.6720667,8.42895,170.37,651.05,3.22,1.5,1,2);
Executed: INSERT INTO 2021_06_23 VALUES ("17:31:51","flarm","LuDaN","3D24DE","1","ICA3D24DE","OGFLR",49.67325,8.4297333,166.66,661.11,2.62,0.9,1,2);
Executed: INSERT INTO 2021_06_23 VALUES ("17:31:54","flarm","LuDaN","3D24DE","1","ICA3D24DE","OGFLR",49.67435,8.4306667,166.66,669.04,1.81,0.3,1,2);
Executed: INSERT INTO 2021_06_23 VALUES ("17:31:55","flarm","edfz2","3DE586","3","ICA3DE586","OGFLR",49.9763167,8.6366167,229.63,409.96,0.0,-0.3,1,3);
Executed: INSERT INTO 2021_06_23 VALUES ("17:31:58","flarm","LuDaN","3D24DE","1","ICA3D24DE","OGFLR",49.6758833,8.4318333,168.52,674.22,0.4,-0.3,1,2);
Executed: INSERT INTO 2021_06_23 VALUES ("17:32:01","flarm","LuDaN","3D24DE","1","ICA3D24DE","OGFLR",49.6770667,8.4326667,170.37,676.05,0.4,-0.3,1,2);
Executed: INSERT INTO 2021_06_23 VALUES ("17:32:04","flarm","LuDaN","3D24DE","1","ICA3D24DE","OGFLR",49.67825,8.4334333,172.22,679.09,1.61,-0.6,1,2);
Executed: INSERT INTO 2021_06_23 VALUES ("17:32:06","flarm","LuDaN","3D24DE","1","ICA3D24DE","OGFLR",49.6790667,8.4339,172.22,683.06,0.6,-0.3,1,2);
Executed: INSERT INTO 2021_06_23 VALUES ("17:32:06","flarm","edfz2","3DE586","3","ICA3DE586","OGFLR",49.9756833,8.6269333,227.77,409.04,-0.8,-0.3,1,2);
Executed: INSERT INTO 2021_06_23 VALUES ("17:32:08","flarm","LuDaN","3D24DE","1","ICA3D24DE","OGFLR",49.6798833,8.4343833,174.07,681.23,-1.61,-0.6,1,2);
Executed: INSERT INTO 2021_06_23 VALUES ("17:32:08","flarm","edfz2","3DE586","3","ICA3DE586","OGFLR",49.9756,8.6252,225.92,406.91,-0.8,-0.3,1,2);
Executed: INSERT INTO 2021_06_23 VALUES ("17:32:11","flarm","LuDaN","3D24DE","1","ICA3D24DE","OGFLR",49.68115,8.4350333,177.78,680.01,0.4,0.0,1,2);
Executed: INSERT INTO 2021_06_23 VALUES ("17:32:10","flarm","edfz2","3DE586","3","ICA3DE586","OGFLR",49.9754333,8.6234667,218.52,404.16,-1.8,-1.5,1,2);
Executed: INSERT INTO 2021_06_23 VALUES ("17:32:12","flarm","edfz2","3DE586","3","ICA3DE586","OGFLR",49.97525,8.6217833,218.52,400.2,-2.21,-2.1,1,2);
Executed: INSERT INTO 2021_06_23 VALUES ("17:32:14","flarm","edfz2","3DE586","3","ICA3DE586","OGFLR",49.97495,8.62015,218.52,395.02,-2.81,-2.7,1,2);
Executed: INSERT INTO 2021_06_23 VALUES ("17:32:15","flarm","LuDaN","3D24DE","1","ICA3D24DE","OGFLR",49.6828167,8.43605,175.92,682.14,1.01,0.6,1,2);
Executed: INSERT INTO 2021_06_23 VALUES ("17:32:16","flarm","edfz2","3DE586","3","ICA3DE586","OGFLR",49.97455,8.6185667,216.66,390.14,-2.21,-3.0,1,2);
Executed: INSERT INTO 2021_06_23 VALUES ("17:32:17","flarm","edfz2","3DE586","3","ICA3DE586","OGFLR",49.9743,8.6178167,214.81,388.92,-2.01,-3.0,1,2);
Executed: INSERT INTO 2021_06_23 VALUES ("17:32:18","flarm","edfz2","3DE586","3","ICA3DE586","OGFLR",49.97405,8.6170833,214.81,386.18,-2.21,-2.7,1,3);
Executed: INSERT INTO 2021_06_23 VALUES ("17:32:19","flarm","LuDaN","3D24DE","1","ICA3D24DE","OGFLR",49.6844,8.4373333,175.92,686.1,0.8,0.6,1,2);
Executed: INSERT INTO 2021_06_23 VALUES ("17:32:19","flarm","edfz2","3DE586","3","ICA3DE586","OGFLR",49.9737667,8.6163833,214.81,383.13,-2.41,-3.0,1,3);
Executed: INSERT INTO 2021_06_23 VALUES ("17:32:20","flarm","edfz2","3DE586","3","ICA3DE586","OGFLR",49.97345,8.6157,212.96,381.0,-2.41,-3.3,1,2);
Executed: INSERT INTO 2021_06_23 VALUES ("17:32:21","flarm","LuDaN","3D24DE","1","ICA3D24DE","OGFLR",49.6851667,8.4380167,175.92,688.24,1.81,0.0,1,2);
Executed: INSERT INTO 2021_06_23 VALUES ("17:32:21","flarm","edfz2","3DE586","3","ICA3DE586","OGFLR",49.9731167,8.61505,212.96,377.95,-2.41,-3.3,1,2);
Executed: INSERT INTO 2021_06_23 VALUES ("17:32:22","flarm","LuDaN","3D24DE","1","ICA3D24DE","OGFLR",49.6855333,8.4383667,175.92,690.98,1.41,-0.3,1,2);
Executed: INSERT INTO 2021_06_23 VALUES ("17:32:22","flarm","edfz2","3DE586","3","ICA3DE586","OGFLR",49.9727833,8.6144,209.26,376.12,-2.61,-3.3,1,2);
Executed: INSERT INTO 2021_06_23 VALUES ("17:32:23","flarm","edfz2","3DE586","3","ICA3DE586","OGFLR",49.9724,8.61385,209.26,373.08,-2.81,-3.3,1,2);
Executed: INSERT INTO 2021_06_23 VALUES ("17:32:24","flarm","LuDaN","3D24DE","1","ICA3D24DE","OGFLR",49.6863,8.4390333,174.07,690.98,0.2,-0.6,1,2);
Executed: INSERT INTO 2021_06_23 VALUES ("17:32:24","flarm","edfz2","3DE586","3","ICA3DE586","OGFLR",49.972,8.6132833,207.4,370.03,-3.22,-3.0,1,3);
Executed: INSERT INTO 2021_06_23 VALUES ("17:32:24","flarm","HochschDA","3DE586","3","ICA3DE586","OGFLR",49.972,8.6133,207.4,369.11,-3.22,-3.0,1,3);
Executed: INSERT INTO 2021_06_23 VALUES ("17:32:26","flarm","edfz2","3DE586","3","ICA3DE586","OGFLR",49.9711667,8.6123,207.4,363.02,-3.82,-3.3,1,2);
Executed: INSERT INTO 2021_06_23 VALUES ("17:32:28","flarm","LuDaN","3D24DE","1","ICA3D24DE","OGFLR",49.6878667,8.4403,175.92,689.15,-0.6,0.0,1,2);
Executed: INSERT INTO 2021_06_23 VALUES ("17:32:27","flarm","edfz2","3DE586","3","ICA3DE586","OGFLR",49.97075,8.6118667,205.55,358.14,-4.22,-3.3,1,2);
Executed: INSERT INTO 2021_06_23 VALUES ("17:32:28","flarm","edfz2","3DE586","3","ICA3DE586","OGFLR",49.9702833,8.6114667,205.55,354.18,-4.42,-3.3,1,2);
Executed: INSERT INTO 2021_06_23 VALUES ("17:32:29","flarm","edfz2","3DE586","3","ICA3DE586","OGFLR",49.9698333,8.6111167,205.55,349.0,-4.42,-3.0,1,2);
Executed: INSERT INTO 2021_06_23 VALUES ("17:32:30","flarm","edfz2","3DE586","3","ICA3DE586","OGFLR",49.96935,8.6107833,205.55,345.03,-4.82,-2.7,1,2);
Executed: INSERT INTO 2021_06_23 VALUES ("17:32:31","flarm","edfz2","3DE586","3","ICA3DE586","OGFLR",49.9688667,8.6105,205.55,338.94,-5.02,-2.7,1,2);
Executed: INSERT INTO 2021_06_23 VALUES ("17:32:33","flarm","edfz2","3DE586","3","ICA3DE586","OGFLR",49.9678833,8.6100333,205.55,327.96,-5.83,-2.7,1,2);
Executed: INSERT INTO 2021_06_23 VALUES ("17:32:35","flarm","LuDaN","3D24DE","1","ICA3D24DE","OGFLR",49.69065,8.44235,175.92,686.1,-1.4,0.0,1,2);
Executed: INSERT INTO 2021_06_23 VALUES ("17:32:34","flarm","edfz2","3DE586","3","ICA3DE586","OGFLR",49.9673833,8.60985,205.55,322.17,-5.83,-2.7,1,2);
Executed: INSERT INTO 2021_06_23 VALUES ("17:32:37","flarm","LuDaN","3D24DE","1","ICA3D24DE","OGFLR",49.6914667,8.4429167,177.78,682.14,-2.61,0.0,1,2);
Executed: INSERT INTO 2021_06_23 VALUES ("17:32:37","flarm","edfz2","3DE586","3","ICA3DE586","OGFLR",49.96585,8.6096,205.55,304.19,-6.43,-2.7,1,2);
Executed: INSERT INTO 2021_06_23 VALUES ("17:32:38","flarm","edfz2","3DE586","3","ICA3DE586","OGFLR",49.9653333,8.6095667,203.7,298.09,-6.83,-3.0,1,2);
Executed: INSERT INTO 2021_06_23 VALUES ("17:32:39","flarm","edfz2","3DE586","3","ICA3DE586","OGFLR",49.9648333,8.6095833,201.85,291.08,-6.43,-3.9,1,2);
Executed: INSERT INTO 2021_06_23 VALUES ("17:32:40","flarm","LuDaN","3D24DE","1","ICA3D24DE","OGFLR",49.6927,8.4437833,181.48,673.0,-2.61,0.0,1,2);
Executed: INSERT INTO 2021_06_23 VALUES ("17:32:41","flarm","HochschDA","3DE586","3","ICA3DE586","OGFLR",49.9638333,8.6098,198.15,277.98,-5.83,-4.2,1,2);
Executed: INSERT INTO 2021_06_23 VALUES ("17:32:41","flarm","edfz2","3DE586","3","ICA3DE586","OGFLR",49.9638333,8.6098,198.15,278.89,-5.83,-4.2,1,2);
Executed: INSERT INTO 2021_06_23 VALUES ("17:32:42","flarm","edfz2","3DE586","3","ICA3DE586","OGFLR",49.9633667,8.6099833,196.29,274.02,-6.03,-4.5,1,2);
Executed: INSERT INTO 2021_06_23 VALUES ("17:32:43","flarm","edfz2","3DE586","3","ICA3DE586","OGFLR",49.9628833,8.6102333,192.59,267.0,-5.63,-5.1,1,2);
Executed: INSERT INTO 2021_06_23 VALUES ("17:32:45","flarm","LuDaN","3D24DE","1","ICA3D24DE","OGFLR",49.6947667,8.44525,181.48,665.99,-2.01,0.0,1,2);
Executed: INSERT INTO 2021_06_23 VALUES ("17:32:44","flarm","edfz2","3DE586","3","ICA3DE586","OGFLR",49.96245,8.6105167,192.59,262.13,-5.43,-5.4,2,2);
Executed: INSERT INTO 2021_06_23 VALUES ("17:32:45","flarm","edfz2","3DE586","3","ICA3DE586","OGFLR",49.9620167,8.6108667,188.89,256.03,-5.43,-5.4,2,2);
Executed: INSERT INTO 2021_06_23 VALUES ("17:32:46","flarm","LuDaN","3D24DE","1","ICA3D24DE","OGFLR",49.6952,8.4455333,181.48,662.03,-2.21,0.0,1,2);
Executed: INSERT INTO 2021_06_23 VALUES ("17:32:46","flarm","edfz2","3DE586","3","ICA3DE586","OGFLR",49.9616167,8.6112667,187.03,251.16,-5.02,-5.7,2,2);
Executed: INSERT INTO 2021_06_23 VALUES ("17:32:47","flarm","edfz2","3DE586","3","ICA3DE586","OGFLR",49.9612667,8.6117833,187.03,248.11,-5.02,-6.0,2,2);
Executed: INSERT INTO 2021_06_23 VALUES ("17:32:48","flarm","edfz2","3DE586","3","ICA3DE586","OGFLR",49.9609333,8.6123,181.48,242.01,-4.62,-5.7,2,3);
Executed: INSERT INTO 2021_06_23 VALUES ("17:32:49","flarm","edfz2","3DE586","3","ICA3DE586","OGFLR",49.9606667,8.61285,175.92,237.13,-4.42,-5.4,2,2);
Executed: INSERT INTO 2021_06_23 VALUES ("17:32:50","flarm","edfz2","3DE586","3","ICA3DE586","OGFLR",49.9604167,8.6134333,174.07,231.95,-4.62,-5.4,2,2);
Executed: INSERT INTO 2021_06_23 VALUES ("17:32:51","flarm","LuDaN","3D24DE","1","ICA3D24DE","OGFLR",49.6973333,8.4469167,183.33,651.05,-2.61,-0.6,1,2);
Executed: INSERT INTO 2021_06_23 VALUES ("17:32:51","flarm","edfz2","3DE586","3","ICA3DE586","OGFLR",49.9602333,8.61405,172.22,227.08,-4.82,-5.4,2,2);
Executed: INSERT INTO 2021_06_23 VALUES ("17:32:52","flarm","edfz2","3DE586","3","ICA3DE586","OGFLR",49.9600667,8.6146833,168.52,223.11,-4.42,-4.8,2,2);
Executed: INSERT INTO 2021_06_23 VALUES ("17:32:54","flarm","LuDaN","3D24DE","1","ICA3D24DE","OGFLR",49.6986333,8.4477,187.03,642.21,-3.22,0.0,1,2);
Executed: INSERT INTO 2021_06_23 VALUES ("17:32:56","flarm","LuDaN","3D24DE","1","ICA3D24DE","OGFLR",49.6995167,8.4481833,187.03,637.95,-1.0,0.0,1,2);
Executed: INSERT INTO 2021_06_23 VALUES ("17:32:55","flarm","edfz2","3DE586","3","ICA3DE586","OGFLR",49.9597833,8.6166,164.81,212.14,-3.01,-2.7,2,2);
Executed: INSERT INTO 2021_06_23 VALUES ("17:32:58","flarm","Bensheim","3D24DE","1","ICA3D24DE","OGFLR",49.7004,8.4486833,185.18,637.03,-0.2,0.0,1,2);
Executed: INSERT INTO 2021_06_23 VALUES ("17:32:59","flarm","LuDaN","3D24DE","1","ICA3D24DE","OGFLR",49.7008333,8.4489333,185.18,637.03,-0.2,0.0,1,2);
Executed: INSERT INTO 2021_06_23 VALUES ("17:33:02","flarm","LuDaN","3D24DE","1","ICA3D24DE","OGFLR",49.7021333,8.4496667,183.33,635.2,-1.61,0.0,1,2);
Executed: INSERT INTO 2021_06_23 VALUES ("17:33:04","flarm","LuDaN","3D24DE","1","ICA3D24DE","OGFLR",49.703,8.4501667,181.48,630.94,-1.8,0.3,1,2);
Executed: INSERT INTO 2021_06_23 VALUES ("17:33:05","flarm","Bensheim","3D24DE","1","ICA3D24DE","OGFLR",49.7034333,8.4504,183.33,629.11,-1.8,0.3,1,2);
Executed: INSERT INTO 2021_06_23 VALUES ("17:33:08","flarm","LuDaN","3D24DE","1","ICA3D24DE","OGFLR",49.7046833,8.4513,181.48,626.06,-0.2,0.6,1,2);
Executed: INSERT INTO 2021_06_23 VALUES ("17:33:09","flarm","Bensheim","3D24DE","1","ICA3D24DE","OGFLR",49.7051,8.4515833,179.63,626.06,0.2,0.6,1,2);
Executed: INSERT INTO 2021_06_23 VALUES ("17:33:11","flarm","LuDaN","3D24DE","1","ICA3D24DE","OGFLR",49.7058833,8.4522667,177.78,626.97,0.2,0.3,1,2);
Executed: INSERT INTO 2021_06_23 VALUES ("17:33:13","flarm","HochschDA","3DE586","3","ICA3DE586","OGFLR",49.9602,8.6277333,148.15,156.06,-2.01,-0.6,2,2);
Executed: INSERT INTO 2021_06_23 VALUES ("17:33:16","flarm","LuDaN","3D24DE","1","ICA3D24DE","OGFLR",49.7078667,8.4539167,175.92,626.06,-0.6,-0.3,1,2);
Executed: INSERT INTO 2021_06_23 VALUES ("17:33:17","flarm","Bensheim","3D24DE","1","ICA3D24DE","OGFLR",49.70825,8.4542167,175.92,626.06,-0.6,-0.3,1,2);
Executed: INSERT INTO 2021_06_23 VALUES ("17:33:22","flarm","LuDaN","3D24DE","1","ICA3D24DE","OGFLR",49.7102667,8.45565,174.07,625.14,-1.2,-0.3,1,2);
Executed: INSERT INTO 2021_06_23 VALUES ("17:33:24","flarm","Bensheim","3D24DE","1","ICA3D24DE","OGFLR",49.7110833,8.4561667,175.92,623.01,-1.2,-0.6,1,2);
Executed: INSERT INTO 2021_06_23 VALUES ("17:33:27","flarm","LuDaN","3D24DE","1","ICA3D24DE","OGFLR",49.7123167,8.4569167,174.07,621.18,-0.8,-0.3,1,2);
Executed: INSERT INTO 2021_06_23 VALUES ("17:33:28","flarm","LuDaN","3D24DE","1","ICA3D24DE","OGFLR",49.7127333,8.45715,175.92,619.05,-1.61,0.0,1,2);
Executed: INSERT INTO 2021_06_23 VALUES ("17:33:32","flarm","LuDaN","3D24DE","1","ICA3D24DE","OGFLR",49.7143667,8.4581833,174.07,616.0,1.21,0.6,1,2);
Executed: INSERT INTO 2021_06_23 VALUES ("17:33:33","flarm","Bensheim","3D24DE","1","ICA3D24DE","OGFLR",49.7147833,8.4584667,172.22,619.05,1.41,0.6,1,2);
Executed: INSERT INTO 2021_06_23 VALUES ("17:33:33","flarm","LuDaN","3D24DE","1","ICA3D24DE","OGFLR",49.7147667,8.4584833,172.22,619.05,1.41,0.6,1,2);
Executed: INSERT INTO 2021_06_23 VALUES ("17:33:36","flarm","LuDaN","3D24DE","1","ICA3D24DE","OGFLR",49.7159167,8.4593833,170.37,619.96,0.2,0.3,1,2);
Executed: INSERT INTO 2021_06_23 VALUES ("17:33:37","flarm","Bensheim","3D24DE","1","ICA3D24DE","OGFLR",49.7162833,8.4597167,168.52,619.96,-0.2,0.3,1,2);
Executed: INSERT INTO 2021_06_23 VALUES ("17:33:39","flarm","Bensheim","3D24DE","1","ICA3D24DE","OGFLR",49.7170333,8.4603833,170.37,618.13,-1.2,0.0,1,2);
Executed: INSERT INTO 2021_06_23 VALUES ("17:33:39","flarm","LuDaN","3D24DE","1","ICA3D24DE","OGFLR",49.7170333,8.4603833,170.37,618.13,-1.2,0.0,1,2);
Executed: INSERT INTO 2021_06_23 VALUES ("17:33:42","flarm","LuDaN","3D24DE","1","ICA3D24DE","OGFLR",49.7181667,8.4613333,172.22,612.95,-1.8,-0.9,1,2);
Executed: INSERT INTO 2021_06_23 VALUES ("17:33:45","flarm","LuDaN","3D24DE","1","ICA3D24DE","OGFLR",49.7193833,8.4621,172.22,608.99,-1.2,-0.9,1,2);
Executed: INSERT INTO 2021_06_23 VALUES ("17:33:50","flarm","LuDaN","3D24DE","1","ICA3D24DE","OGFLR",49.7214333,8.4632,174.07,603.2,-0.8,0.3,1,2);
Executed: INSERT INTO 2021_06_23 VALUES ("17:33:53","flarm","LuDaN","3D24DE","1","ICA3D24DE","OGFLR",49.7226333,8.4639833,172.22,601.07,-0.4,0.9,1,2);
Executed: INSERT INTO 2021_06_23 VALUES ("17:33:57","flarm","LuDaN","3D24DE","1","ICA3D24DE","OGFLR",49.7241667,8.4652,170.37,598.93,-1.0,0.0,1,2);
Executed: INSERT INTO 2021_06_23 VALUES ("17:34:00","flarm","LuDaN","3D24DE","1","ICA3D24DE","OGFLR",49.7253167,8.4661333,172.22,594.06,-1.4,-0.3,1,2);
Executed: INSERT INTO 2021_06_23 VALUES ("17:34:05","flarm","HochschDA","3D24DE","1","ICA3D24DE","OGFLR",49.72725,8.4676667,172.22,589.18,-1.0,0.0,1,2);
Executed: INSERT INTO 2021_06_23 VALUES ("17:34:10","flarm","LuDaN","3D24DE","1","ICA3D24DE","OGFLR",49.7292333,8.4690833,172.22,583.08,-1.4,-0.3,1,2);
Executed: INSERT INTO 2021_06_23 VALUES ("17:34:16","flarm","Bensheim","3D24DE","1","ICA3D24DE","OGFLR",49.7316333,8.4706833,172.22,579.12,-1.0,0.3,1,2);
Executed: INSERT INTO 2021_06_23 VALUES ("17:34:16","flarm","LuDaN","3D24DE","1","ICA3D24DE","OGFLR",49.7316333,8.4706833,172.22,579.12,-1.0,0.3,1,2);
Executed: INSERT INTO 2021_06_23 VALUES ("17:34:19","flarm","LuDaN","3D24DE","1","ICA3D24DE","OGFLR",49.7328,8.4716,172.22,575.16,-0.4,1.2,1,2);
Executed: INSERT INTO 2021_06_23 VALUES ("17:34:21","flarm","LuDaN","3D24DE","1","ICA3D24DE","OGFLR",49.73355,8.4723,172.22,573.02,-1.4,0.9,1,2);
Executed: INSERT INTO 2021_06_23 VALUES ("17:34:24","flarm","LuDaN","3D24DE","1","ICA3D24DE","OGFLR",49.7346,8.4734667,172.22,572.11,0.2,-0.6,1,2);
Executed: INSERT INTO 2021_06_23 VALUES ("17:34:26","flarm","LuDaN","3D24DE","1","ICA3D24DE","OGFLR",49.7353167,8.4742,170.37,569.98,-1.4,-0.9,1,2);
Executed: INSERT INTO 2021_06_23 VALUES ("17:34:28","flarm","LuDaN","3D24DE","1","ICA3D24DE","OGFLR",49.7360833,8.4748333,172.22,566.01,-1.8,-0.9,1,2);
Executed: INSERT INTO 2021_06_23 VALUES ("17:34:28","flarm","HochschDA","3D24DE","1","ICA3D24DE","OGFLR",49.7360833,8.4748333,172.22,566.01,-1.8,-0.9,1,2);
Executed: INSERT INTO 2021_06_23 VALUES ("17:34:31","flarm","Bensheim","3D24DE","1","ICA3D24DE","OGFLR",49.7372833,8.4756667,172.22,562.97,-1.4,-0.6,1,2);
Executed: INSERT INTO 2021_06_23 VALUES ("17:34:34","flarm","HochschDA","3D24DE","1","ICA3D24DE","OGFLR",49.7384667,8.47645,172.22,560.22,-1.2,-0.3,1,2);
Executed: INSERT INTO 2021_06_23 VALUES ("17:34:36","flarm","LuDaN","3D24DE","1","ICA3D24DE","OGFLR",49.7392833,8.4769667,172.22,558.09,-1.8,-0.6,1,2);
Executed: INSERT INTO 2021_06_23 VALUES ("17:34:39","flarm","LuDaN","3D24DE","1","ICA3D24DE","OGFLR",49.7405333,8.4776333,172.22,553.21,-1.8,-0.3,1,2);
Executed: INSERT INTO 2021_06_23 VALUES ("17:34:39","flarm","Bensheim","3D24DE","1","ICA3D24DE","OGFLR",49.7405333,8.4776167,172.22,553.21,-1.8,-0.3,1,2);
Executed: INSERT INTO 2021_06_23 VALUES ("17:34:41","flarm","Bensheim","3D24DE","1","ICA3D24DE","OGFLR",49.74135,8.4780333,174.07,548.94,-1.8,0.3,1,2);
Executed: INSERT INTO 2021_06_23 VALUES ("17:34:41","flarm","LuDaN","3D24DE","1","ICA3D24DE","OGFLR",49.74135,8.47805,174.07,548.94,-1.8,0.3,1,2);
Executed: INSERT INTO 2021_06_23 VALUES ("17:34:44","flarm","Bensheim","3D24DE","1","ICA3D24DE","OGFLR",49.7425833,8.4787833,174.07,544.98,-1.4,1.2,1,2);
Executed: INSERT INTO 2021_06_23 VALUES ("17:34:44","flarm","LuDaN","3D24DE","1","ICA3D24DE","OGFLR",49.7425833,8.4787833,174.07,544.98,-1.4,1.2,1,2);
Executed: INSERT INTO 2021_06_23 VALUES ("17:34:46","flarm","LuDaN","3D24DE","1","ICA3D24DE","OGFLR",49.7433667,8.4794333,174.07,541.02,-2.21,0.6,1,2);
Executed: INSERT INTO 2021_06_23 VALUES ("17:34:48","flarm","Bensheim","3D24DE","1","ICA3D24DE","OGFLR",49.7441333,8.4800833,175.92,537.06,-1.2,-0.3,1,2);
Executed: INSERT INTO 2021_06_23 VALUES ("17:34:48","flarm","HochschDA","3D24DE","1","ICA3D24DE","OGFLR",49.7441333,8.4801,175.92,537.06,-1.2,-0.3,1,2);
Executed: INSERT INTO 2021_06_23 VALUES ("17:34:50","flarm","LuDaN","3D24DE","1","ICA3D24DE","OGFLR",49.7449333,8.4807167,175.92,534.01,-1.8,-0.6,1,2);
Executed: INSERT INTO 2021_06_23 VALUES ("17:34:52","flarm","Bensheim","3D24DE","1","ICA3D24DE","OGFLR",49.7457333,8.4813,175.92,532.18,-1.2,-0.3,1,2);
Executed: INSERT INTO 2021_06_23 VALUES ("17:34:52","flarm","HochschDA","3D24DE","1","ICA3D24DE","OGFLR",49.7457333,8.4813167,175.92,532.18,-1.2,-0.3,1,2);
Executed: INSERT INTO 2021_06_23 VALUES ("17:34:55","flarm","LuDaN","3D24DE","1","ICA3D24DE","OGFLR",49.74695,8.4821,174.07,529.13,-0.2,-0.3,1,2);
Executed: INSERT INTO 2021_06_23 VALUES ("17:34:58","flarm","Bensheim","3D24DE","1","ICA3D24DE","OGFLR",49.7481833,8.48285,174.07,528.22,-2.01,-0.3,1,2);
Executed: INSERT INTO 2021_06_23 VALUES ("17:34:59","flarm","LuDaN","3D24DE","1","ICA3D24DE","OGFLR",49.7485667,8.4831333,175.92,525.17,-2.41,0.0,1,2);
Executed: INSERT INTO 2021_06_23 VALUES ("17:35:00","flarm","HochschDA","3D24DE","1","ICA3D24DE","OGFLR",49.7489833,8.4834167,175.92,522.12,-2.01,0.3,1,2);
Executed: INSERT INTO 2021_06_23 VALUES ("17:35:01","flarm","HochschDA","3D24DE","1","ICA3D24DE","OGFLR",49.7494,8.48365,175.92,522.12,0.2,0.3,1,2);
Executed: INSERT INTO 2021_06_23 VALUES ("17:35:02","flarm","Bensheim","3D24DE","1","ICA3D24DE","OGFLR",49.7498,8.4839,174.07,523.04,1.21,0.0,1,2);
Executed: INSERT INTO 2021_06_23 VALUES ("17:35:02","flarm","LuDaN","3D24DE","1","ICA3D24DE","OGFLR",49.7498,8.4839167,174.07,523.04,1.21,0.0,1,2);
Executed: INSERT INTO 2021_06_23 VALUES ("17:35:03","flarm","HochschDA","3D24DE","1","ICA3D24DE","OGFLR",49.7502167,8.4841667,174.07,523.95,0.6,-0.3,1,2);
Executed: INSERT INTO 2021_06_23 VALUES ("17:35:06","flarm","Bensheim","3D24DE","1","ICA3D24DE","OGFLR",49.7514167,8.4849333,172.22,523.95,-0.6,0.3,1,2);
Executed: INSERT INTO 2021_06_23 VALUES ("17:35:07","flarm","LuDaN","3D24DE","1","ICA3D24DE","OGFLR",49.7518,8.4852333,170.37,523.04,-1.2,0.9,1,2);
Executed: INSERT INTO 2021_06_23 VALUES ("17:35:09","flarm","LuDaN","3D24DE","1","ICA3D24DE","OGFLR",49.7525667,8.48585,170.37,523.04,0.2,0.6,1,2);
Executed: INSERT INTO 2021_06_23 VALUES ("17:35:09","flarm","HochschDA","3D24DE","1","ICA3D24DE","OGFLR",49.7525667,8.48585,170.37,523.04,0.2,0.6,1,2);
Executed: INSERT INTO 2021_06_23 VALUES ("17:35:10","flarm","Bensheim","3D24DE","1","ICA3D24DE","OGFLR",49.7529667,8.4861333,170.37,522.12,-0.4,0.0,1,2);
Executed: INSERT INTO 2021_06_23 VALUES ("17:35:12","flarm","LuDaN","3D24DE","1","ICA3D24DE","OGFLR",49.7537333,8.4867333,170.37,521.21,-1.8,-0.3,1,2);
Executed: INSERT INTO 2021_06_23 VALUES ("17:35:12","flarm","HochschDA","3D24DE","1","ICA3D24DE","OGFLR",49.7537167,8.48675,170.37,521.21,-1.8,-0.3,1,2);
Executed: INSERT INTO 2021_06_23 VALUES ("17:35:13","flarm","Bensheim","3D24DE","1","ICA3D24DE","OGFLR",49.7541333,8.487,170.37,519.07,-1.8,-0.6,1,2);
Executed: INSERT INTO 2021_06_23 VALUES ("17:35:14","flarm","LuDaN","3D24DE","1","ICA3D24DE","OGFLR",49.7545333,8.4872667,170.37,516.94,-1.61,-0.9,1,2);
Executed: INSERT INTO 2021_06_23 VALUES ("17:35:14","flarm","HochschDA","3D24DE","1","ICA3D24DE","OGFLR",49.7545167,8.4872667,170.37,516.94,-1.61,-0.9,1,2);
Executed: INSERT INTO 2021_06_23 VALUES ("17:35:16","flarm","Bensheim","3D24DE","1","ICA3D24DE","OGFLR",49.7553167,8.4877833,170.37,514.2,-1.4,-0.6,1,2);
Executed: INSERT INTO 2021_06_23 VALUES ("17:35:17","flarm","LuDaN","3D24DE","1","ICA3D24DE","OGFLR",49.7557333,8.4880167,170.37,512.98,-1.2,-0.3,1,2);
Executed: INSERT INTO 2021_06_23 VALUES ("17:35:22","flarm","HochschDA","3D24DE","1","ICA3D24DE","OGFLR",49.75775,8.4891,170.37,507.19,-1.61,0.3,1,2);
Executed: INSERT INTO 2021_06_23 VALUES ("17:35:24","flarm","LuDaN","3D24DE","1","ICA3D24DE","OGFLR",49.75855,8.4896167,170.37,505.05,-1.0,0.9,1,2);
Executed: INSERT INTO 2021_06_23 VALUES ("17:35:26","flarm","HochschDA","3D24DE","1","ICA3D24DE","OGFLR",49.7593333,8.4902,170.37,504.14,0.4,0.9,1,2);
Executed: INSERT INTO 2021_06_23 VALUES ("17:35:29","flarm","Bensheim","3D24DE","1","ICA3D24DE","OGFLR",49.7604833,8.4911167,168.52,502.92,-0.6,-0.3,1,2);
Executed: INSERT INTO 2021_06_23 VALUES ("17:35:29","flarm","LuDaN","3D24DE","1","ICA3D24DE","OGFLR",49.7604833,8.4911333,168.52,502.92,-0.6,-0.3,1,2);
Executed: INSERT INTO 2021_06_23 VALUES ("17:35:30","flarm","HochschDA","3D24DE","1","ICA3D24DE","OGFLR",49.76085,8.4914,170.37,502.01,-0.8,-0.6,1,2);
Executed: INSERT INTO 2021_06_23 VALUES ("17:35:34","flarm","LuDaN","3D24DE","1","ICA3D24DE","OGFLR",49.7624167,8.4924833,166.66,500.18,-0.4,0.0,1,2);
Executed: INSERT INTO 2021_06_23 VALUES ("17:35:34","flarm","HochschDA","3D24DE","1","ICA3D24DE","OGFLR",49.7624167,8.4924833,166.66,500.18,-0.4,0.0,1,2);
Executed: INSERT INTO 2021_06_23 VALUES ("17:35:36","flarm","LuDaN","3D24DE","1","ICA3D24DE","OGFLR",49.7632,8.4929667,166.66,498.04,-1.4,0.0,1,2);
Executed: INSERT INTO 2021_06_23 VALUES ("17:35:36","flarm","HochschDA","3D24DE","1","ICA3D24DE","OGFLR",49.7632,8.4929667,166.66,498.04,-1.4,0.0,1,2);
Executed: INSERT INTO 2021_06_23 VALUES ("17:35:43","flarm","HochschDA","3D24DE","1","ICA3D24DE","OGFLR",49.76595,8.4947333,168.52,490.12,-0.2,0.0,1,2);
Executed: INSERT INTO 2021_06_23 VALUES ("17:35:45","flarm","Bensheim","3D24DE","1","ICA3D24DE","OGFLR",49.7667333,8.49525,168.52,490.12,-1.0,0.0,1,2);
Executed: INSERT INTO 2021_06_23 VALUES ("17:35:46","flarm","HochschDA","3D24DE","1","ICA3D24DE","OGFLR",49.7671167,8.4955333,168.52,487.98,-1.61,0.3,1,2);
Executed: INSERT INTO 2021_06_23 VALUES ("17:35:47","flarm","LuDaN","3D24DE","1","ICA3D24DE","OGFLR",49.7675167,8.4958167,168.52,487.07,-0.6,0.3,1,2);
Executed: INSERT INTO 2021_06_23 VALUES ("17:35:48","flarm","HochschDA","3D24DE","1","ICA3D24DE","OGFLR",49.7678833,8.4960833,166.66,487.98,0.6,0.3,1,2);
Executed: INSERT INTO 2021_06_23 VALUES ("17:35:49","flarm","Bensheim","3D24DE","1","ICA3D24DE","OGFLR",49.7682667,8.4963833,166.66,489.2,2.21,0.0,1,2);
Executed: INSERT INTO 2021_06_23 VALUES ("17:35:49","flarm","LuDaN","3D24DE","1","ICA3D24DE","OGFLR",49.7682667,8.4963833,166.66,489.2,2.21,0.0,1,2);
Executed: INSERT INTO 2021_06_23 VALUES ("17:35:50","flarm","HochschDA","3D24DE","1","ICA3D24DE","OGFLR",49.7686333,8.4966667,164.81,491.03,1.01,0.0,1,2);
Executed: INSERT INTO 2021_06_23 VALUES ("17:35:51","flarm","Bensheim","3D24DE","1","ICA3D24DE","OGFLR",49.7690167,8.49695,164.81,491.03,-0.6,0.0,1,2);
Executed: INSERT INTO 2021_06_23 VALUES ("17:35:52","flarm","HochschDA","3D24DE","1","ICA3D24DE","OGFLR",49.7693833,8.4972167,164.81,491.03,-1.0,-0.6,1,2);
Executed: INSERT INTO 2021_06_23 VALUES ("17:35:53","flarm","Bensheim","3D24DE","1","ICA3D24DE","OGFLR",49.7697667,8.4974833,164.81,489.2,-0.6,-0.6,1,2);
Executed: INSERT INTO 2021_06_23 VALUES ("17:35:53","flarm","LuDaN","3D24DE","1","ICA3D24DE","OGFLR",49.7697667,8.4974833,164.81,489.2,-0.6,-0.6,1,2);
Executed: INSERT INTO 2021_06_23 VALUES ("17:36:02","flarm","LuDaN","3D24DE","1","ICA3D24DE","OGFLR",49.7732167,8.49965,162.96,484.94,-1.61,0.9,1,2);
Executed: INSERT INTO 2021_06_23 VALUES ("17:36:02","flarm","HochschDA","3D24DE","1","ICA3D24DE","OGFLR",49.7732167,8.49965,162.96,484.94,-1.61,0.9,1,2);
Executed: INSERT INTO 2021_06_23 VALUES ("17:36:03","flarm","Vielbrunn","3D24DE","1","ICA3D24DE","OGFLR",49.7736,8.4999167,164.81,484.02,-0.6,0.9,1,2);
Executed: INSERT INTO 2021_06_23 VALUES ("17:36:05","flarm","LuDaN","3D24DE","1","ICA3D24DE","OGFLR",49.7743167,8.5005333,162.96,484.02,0.2,0.9,1,2);
Executed: INSERT INTO 2021_06_23 VALUES ("17:36:05","flarm","HochschDA","3D24DE","1","ICA3D24DE","OGFLR",49.7743167,8.5005333,162.96,484.02,0.2,0.9,1,2);
Executed: INSERT INTO 2021_06_23 VALUES ("17:36:09","flarm","Vielbrunn","3D24DE","1","ICA3D24DE","OGFLR",49.77575,8.5017833,162.96,482.19,-0.6,-0.9,1,2);
Executed: INSERT INTO 2021_06_23 VALUES ("17:36:09","flarm","HochschDA","3D24DE","1","ICA3D24DE","OGFLR",49.77575,8.5017833,162.96,482.19,-0.6,-0.9,1,2);
Executed: INSERT INTO 2021_06_23 VALUES ("17:36:11","flarm","HochschDA","3D24DE","1","ICA3D24DE","OGFLR",49.7765,8.50235,162.96,480.06,-1.2,-0.6,1,2);
Executed: INSERT INTO 2021_06_23 VALUES ("17:36:12","flarm","Vielbrunn","3D24DE","1","ICA3D24DE","OGFLR",49.7768667,8.5026,162.96,479.15,-0.4,-0.3,1,2);
Executed: INSERT INTO 2021_06_23 VALUES ("17:36:14","flarm","HochschDA","3D24DE","1","ICA3D24DE","OGFLR",49.7776167,8.5031667,161.11,479.15,0.2,-0.3,1,2);
Executed: INSERT INTO 2021_06_23 VALUES ("17:36:17","flarm","LuDaN","3D24DE","1","ICA3D24DE","OGFLR",49.77875,8.5038833,161.11,480.06,-0.4,-0.3,1,2);
Executed: INSERT INTO 2021_06_23 VALUES ("17:36:20","flarm","Bensheim","3D24DE","1","ICA3D24DE","OGFLR",49.7799,8.5046167,161.11,477.93,-1.0,-0.3,1,2);
Executed: INSERT INTO 2021_06_23 VALUES ("17:36:20","flarm","HochschDA","3D24DE","1","ICA3D24DE","OGFLR",49.7798833,8.5046167,161.11,477.93,-1.0,-0.3,1,2);
Executed: INSERT INTO 2021_06_23 VALUES ("17:36:21","flarm","Vielbrunn","3D24DE","1","ICA3D24DE","OGFLR",49.7802667,8.50485,161.11,476.1,-1.2,-0.3,1,2);
Executed: INSERT INTO 2021_06_23 VALUES ("17:36:24","flarm","Bensheim","3D24DE","1","ICA3D24DE","OGFLR",49.7814333,8.5055333,164.81,472.14,-1.8,-0.3,1,2);
Executed: INSERT INTO 2021_06_23 VALUES ("17:36:25","flarm","LuDaN","3D24DE","1","ICA3D24DE","OGFLR",49.7818333,8.5057333,164.81,470.92,-2.01,-0.6,1,2);
Executed: INSERT INTO 2021_06_23 VALUES ("17:36:26","flarm","Bensheim","3D24DE","1","ICA3D24DE","OGFLR",49.7822167,8.50595,164.81,468.17,-1.61,-0.3,1,2);
Executed: INSERT INTO 2021_06_23 VALUES ("17:36:31","flarm","HochschDA","3D24DE","1","ICA3D24DE","OGFLR",49.7842333,8.50695,166.66,462.08,-1.2,0.9,1,2);
Executed: INSERT INTO 2021_06_23 VALUES ("17:36:32","flarm","Vielbrunn","3D24DE","1","ICA3D24DE","OGFLR",49.7846167,8.5071833,166.66,459.94,-1.2,1.2,1,2);
Executed: INSERT INTO 2021_06_23 VALUES ("17:36:33","flarm","HochschDA","3D24DE","1","ICA3D24DE","OGFLR",49.785,8.5074667,168.52,459.03,-1.2,1.8,1,2);
Executed: INSERT INTO 2021_06_23 VALUES ("17:36:34","flarm","Bensheim","3D24DE","1","ICA3D24DE","OGFLR",49.7853833,8.50775,168.52,458.11,-1.2,1.5,1,2);
Executed: INSERT INTO 2021_06_23 VALUES ("17:36:36","flarm","HochschDA","3D24DE","1","ICA3D24DE","OGFLR",49.7861,8.50845,168.52,455.98,-0.8,1.8,1,2);
Executed: INSERT INTO 2021_06_23 VALUES ("17:36:37","flarm","Bensheim","3D24DE","1","ICA3D24DE","OGFLR",49.78645,8.50885,166.66,455.07,-0.6,1.5,1,2);
Executed: INSERT INTO 2021_06_23 VALUES ("17:36:38","flarm","HochschDA","3D24DE","1","ICA3D24DE","OGFLR",49.7867667,8.5092833,168.52,454.15,-1.8,0.6,1,2);
Executed: INSERT INTO 2021_06_23 VALUES ("17:36:39","flarm","Bensheim","3D24DE","1","ICA3D24DE","OGFLR",49.7871167,8.5096833,168.52,452.02,-2.21,0.0,1,2);
Executed: INSERT INTO 2021_06_23 VALUES ("17:36:41","flarm","HochschDA","3D24DE","1","ICA3D24DE","OGFLR",49.7877667,8.5105333,170.37,447.14,-2.21,-0.6,1,2);
Executed: INSERT INTO 2021_06_23 VALUES ("17:36:44","flarm","Bensheim","3D24DE","1","ICA3D24DE","OGFLR",49.7888333,8.5116833,170.37,441.96,-1.2,-0.9,1,2);
Executed: INSERT INTO 2021_06_23 VALUES ("17:36:44","flarm","HochschDA","3D24DE","1","ICA3D24DE","OGFLR",49.7888167,8.5116833,170.37,441.96,-1.2,-0.9,1,2);
Executed: INSERT INTO 2021_06_23 VALUES ("17:36:49","flarm","Bensheim","3D24DE","1","ICA3D24DE","OGFLR",49.7906667,8.5133333,170.37,438.91,-0.4,0.0,1,2);
Executed: INSERT INTO 2021_06_23 VALUES ("17:36:49","flarm","HochschDA","3D24DE","1","ICA3D24DE","OGFLR",49.79065,8.51335,170.37,438.91,-0.4,0.0,1,2);
Executed: INSERT INTO 2021_06_23 VALUES ("17:36:51","flarm","Bensheim","3D24DE","1","ICA3D24DE","OGFLR",49.7914167,8.514,168.52,437.08,-1.2,0.0,1,2);
Executed: INSERT INTO 2021_06_23 VALUES ("17:36:52","flarm","HochschDA","3D24DE","1","ICA3D24DE","OGFLR",49.7917833,8.5143667,168.52,436.17,-1.4,0.0,1,2);
Executed: INSERT INTO 2021_06_23 VALUES ("17:36:57","flarm","HochschDA","3D24DE","1","ICA3D24DE","OGFLR",49.7935833,8.5161167,168.52,430.99,-0.8,0.9,1,2);
Executed: INSERT INTO 2021_06_23 VALUES ("17:36:58","flarm","Bensheim","3D24DE","1","ICA3D24DE","OGFLR",49.7939333,8.5165,168.52,430.07,-0.8,0.6,1,2);
Executed: INSERT INTO 2021_06_23 VALUES ("17:37:00","flarm","HochschDA","3D24DE","1","ICA3D24DE","OGFLR",49.7946167,8.5172833,168.52,427.94,-1.2,0.0,1,2);
Executed: INSERT INTO 2021_06_23 VALUES ("17:37:02","flarm","Bensheim","3D24DE","1","ICA3D24DE","OGFLR",49.7953,8.51805,168.52,427.02,-0.8,-0.3,1,2);
Executed: INSERT INTO 2021_06_23 VALUES ("17:37:04","flarm","HochschDA","3D24DE","1","ICA3D24DE","OGFLR",49.796,8.5187833,168.52,427.02,-1.0,-0.6,1,2);
Executed: INSERT INTO 2021_06_23 VALUES ("17:37:07","flarm","Bensheim","3D24DE","1","ICA3D24DE","OGFLR",49.7970833,8.5198333,168.52,422.15,-1.4,0.0,1,2);
Executed: INSERT INTO 2021_06_23 VALUES ("17:37:07","flarm","HochschDA","3D24DE","1","ICA3D24DE","OGFLR",49.7970833,8.51985,168.52,422.15,-1.4,0.0,1,2);
Executed: INSERT INTO 2021_06_23 VALUES ("17:37:11","flarm","Bensheim","3D24DE","1","ICA3D24DE","OGFLR",49.7985833,8.5211333,168.52,416.05,-1.4,-0.3,1,2);
Executed: INSERT INTO 2021_06_23 VALUES ("17:37:11","flarm","HochschDA","3D24DE","1","ICA3D24DE","OGFLR",49.7985667,8.52115,168.52,416.05,-1.4,-0.3,1,2);
Executed: INSERT INTO 2021_06_23 VALUES ("17:37:13","flarm","Bensheim","3D24DE","1","ICA3D24DE","OGFLR",49.7993167,8.5217667,168.52,416.05,0.4,0.0,1,2);
Executed: INSERT INTO 2021_06_23 VALUES ("17:37:13","flarm","HochschDA","3D24DE","1","ICA3D24DE","OGFLR",49.7993167,8.5217833,168.52,416.05,0.4,0.0,1,2);
Executed: INSERT INTO 2021_06_23 VALUES ("17:37:15","flarm","Bensheim","3D24DE","1","ICA3D24DE","OGFLR",49.8000667,8.5224167,168.52,413.0,-2.41,0.3,1,2);
Executed: INSERT INTO 2021_06_23 VALUES ("17:37:18","flarm","Bensheim","3D24DE","1","ICA3D24DE","OGFLR",49.8011667,8.5234667,172.22,408.13,-1.0,1.5,1,2);
Executed: INSERT INTO 2021_06_23 VALUES ("17:37:16","flarm","HochschDA","3D24DE","1","ICA3D24DE","OGFLR",49.8004333,8.52275,170.37,409.96,-2.61,0.6,1,2);
Executed: INSERT INTO 2021_06_23 VALUES ("17:37:18","flarm","HochschDA","3D24DE","1","ICA3D24DE","OGFLR",49.80115,8.5234833,172.22,408.13,-1.0,1.5,1,2);
Executed: INSERT INTO 2021_06_23 VALUES ("17:37:22","flarm","HochschDA","3D24DE","1","ICA3D24DE","OGFLR",49.8024667,8.5252,172.22,405.08,-1.2,0.0,1,2);
Executed: INSERT INTO 2021_06_23 VALUES ("17:37:26","flarm","Bensheim","3D24DE","1","ICA3D24DE","OGFLR",49.8038333,8.5269167,170.37,402.03,-0.2,-0.6,1,2);
Executed: INSERT INTO 2021_06_23 VALUES ("17:37:26","flarm","HochschDA","3D24DE","1","ICA3D24DE","OGFLR",49.8038167,8.5269167,170.37,402.03,-0.2,-0.6,1,2);
Executed: INSERT INTO 2021_06_23 VALUES ("17:37:31","flarm","Bensheim","3D24DE","1","ICA3D24DE","OGFLR",49.80555,8.5289167,170.37,397.15,-0.6,-0.3,1,2);
Executed: INSERT INTO 2021_06_23 VALUES ("17:37:33","flarm","Bensheim","3D24DE","1","ICA3D24DE","OGFLR",49.8062333,8.5296833,170.37,395.02,-0.8,-0.3,1,2);
Executed: INSERT INTO 2021_06_23 VALUES ("17:37:35","flarm","Bensheim","3D24DE","1","ICA3D24DE","OGFLR",49.80695,8.5304167,170.37,393.19,-1.2,-0.6,1,2);
Executed: INSERT INTO 2021_06_23 VALUES ("17:37:51","flarm","HochschDA","3D24DE","1","ICA3D24DE","OGFLR",49.8128333,8.5361167,175.92,370.03,-1.8,0.9,1,2);
Executed: INSERT INTO 2021_06_23 VALUES ("17:37:54","flarm","Bensheim","3D24DE","1","ICA3D24DE","OGFLR",49.8139,8.5373833,177.78,365.15,-1.61,0.3,1,2);
Executed: INSERT INTO 2021_06_23 VALUES ("17:37:54","flarm","HochschDA","3D24DE","1","ICA3D24DE","OGFLR",49.8139,8.5373833,177.78,365.15,-1.61,0.3,1,2);
Executed: INSERT INTO 2021_06_23 VALUES ("17:37:57","flarm","HochschDA","3D24DE","1","ICA3D24DE","OGFLR",49.8149333,8.5387333,179.63,359.97,-2.21,-0.3,1,2);
Executed: INSERT INTO 2021_06_23 VALUES ("17:38:01","flarm","HochschDA","3D24DE","1","ICA3D24DE","OGFLR",49.8164,8.5403833,179.63,355.09,-1.0,-0.3,1,2);
Executed: INSERT INTO 2021_06_23 VALUES ("17:38:10","flarm","HochschDA","3D24DE","1","ICA3D24DE","OGFLR",49.8197667,8.54385,175.92,348.08,-0.8,0.0,1,2);
Executed: INSERT INTO 2021_06_23 VALUES ("17:38:17","flarm","HochschDA","3D24DE","1","ICA3D24DE","OGFLR",49.8223833,8.5463667,174.07,342.9,-1.0,-0.3,1,2);
Executed: INSERT INTO 2021_06_23 VALUES ("17:38:19","flarm","HochschDA","3D24DE","1","ICA3D24DE","OGFLR",49.8231333,8.5470667,175.92,338.02,-3.62,0.0,1,2);
Executed: INSERT INTO 2021_06_23 VALUES ("17:38:22","flarm","HochschDA","3D24DE","1","ICA3D24DE","OGFLR",49.8243,8.5481167,181.48,330.1,-1.0,0.6,1,2);
Executed: INSERT INTO 2021_06_23 VALUES ("17:38:26","flarm","HochschDA","3D24DE","1","ICA3D24DE","OGFLR",49.8257667,8.5498,179.63,326.14,-1.2,0.9,1,2);
Executed: INSERT INTO 2021_06_23 VALUES ("17:38:29","flarm","HochschDA","3D24DE","1","ICA3D24DE","OGFLR",49.8268,8.5511833,181.48,320.95,-2.21,0.0,1,2);
Executed: INSERT INTO 2021_06_23 VALUES ("17:38:31","flarm","HochschDA","3D24DE","1","ICA3D24DE","OGFLR",49.8275167,8.5520667,181.48,313.94,-3.22,-0.9,1,2);
Executed: INSERT INTO 2021_06_23 VALUES ("17:38:43","flarm","HochschDA","3D24DE","1","ICA3D24DE","OGFLR",49.8320833,8.5566833,181.48,288.95,-3.62,0.0,1,2);
Executed: INSERT INTO 2021_06_23 VALUES ("17:38:45","flarm","HochschDA","3D24DE","1","ICA3D24DE","OGFLR",49.8328833,8.5574167,183.33,284.07,-1.2,0.9,1,2);
Executed: INSERT INTO 2021_06_23 VALUES ("17:38:47","flarm","HochschDA","3D24DE","1","ICA3D24DE","OGFLR",49.8336333,8.5582333,179.63,285.9,2.01,0.6,1,2);
Executed: INSERT INTO 2021_06_23 VALUES ("17:38:48","flarm","HochschDA","3D24DE","1","ICA3D24DE","OGFLR",49.8339833,8.5586667,175.92,292.0,6.44,1.5,1,2);
Executed: INSERT INTO 2021_06_23 VALUES ("17:38:49","flarm","HochschDA","3D24DE","1","ICA3D24DE","OGFLR",49.8343167,8.5590833,168.52,299.01,8.65,1.5,1,2);
Executed: INSERT INTO 2021_06_23 VALUES ("17:38:50","flarm","HochschDA","3D24DE","1","ICA3D24DE","OGFLR",49.8346333,8.5595,162.96,308.15,9.66,1.5,1,2);
Executed: INSERT INTO 2021_06_23 VALUES ("17:38:51","flarm","HochschDA","3D24DE","1","ICA3D24DE","OGFLR",49.8349167,8.5599833,155.55,317.91,9.66,1.5,1,2);
Executed: INSERT INTO 2021_06_23 VALUES ("17:38:52","flarm","HochschDA","3D24DE","1","ICA3D24DE","OGFLR",49.83515,8.56045,153.7,327.05,8.25,1.5,1,2);
Executed: INSERT INTO 2021_06_23 VALUES ("17:38:53","flarm","HochschDA","3D24DE","1","ICA3D24DE","OGFLR",49.8353833,8.5609167,148.15,334.06,6.84,0.9,1,2);
Executed: INSERT INTO 2021_06_23 VALUES ("17:38:55","flarm","HochschDA","3D24DE","1","ICA3D24DE","OGFLR",49.8358333,8.56185,144.44,342.9,2.21,0.6,1,2);
Executed: INSERT INTO 2021_06_23 VALUES ("17:39:00","flarm","HochschDA","3D24DE","1","ICA3D24DE","OGFLR",49.8368,8.5642167,138.89,355.09,3.22,-0.3,1,2);
Executed: INSERT INTO 2021_06_23 VALUES ("17:39:05","flarm","HochschDA","3D24DE","1","ICA3D24DE","OGFLR",49.83775,8.5664,131.48,366.98,0.6,0.0,1,2);
Executed: INSERT INTO 2021_06_23 VALUES ("17:39:07","flarm","HochschDA","3D24DE","1","ICA3D24DE","OGFLR",49.8381667,8.5672333,131.48,369.11,0.8,0.3,1,2);
Executed: INSERT INTO 2021_06_23 VALUES ("17:39:09","flarm","HochschDA","3D24DE","1","ICA3D24DE","OGFLR",49.83855,8.5680833,131.48,373.99,2.41,0.3,1,2);
Executed: INSERT INTO 2021_06_23 VALUES ("17:39:12","flarm","HochschDA","3D24DE","1","ICA3D24DE","OGFLR",49.8390667,8.5693667,127.78,381.91,3.82,0.0,1,2);
Executed: INSERT INTO 2021_06_23 VALUES ("17:39:17","flarm","HochschDA","3D24DE","1","ICA3D24DE","OGFLR",49.83995,8.5714333,125.92,395.02,0.4,0.3,1,2);
Executed: INSERT INTO 2021_06_23 VALUES ("17:39:19","flarm","HochschDA","3D24DE","1","ICA3D24DE","OGFLR",49.8402833,8.5722833,125.92,397.15,2.01,0.3,1,2);
Executed: INSERT INTO 2021_06_23 VALUES ("17:39:21","flarm","HochschDA","3D24DE","1","ICA3D24DE","OGFLR",49.8405833,8.5731333,122.22,404.16,4.23,0.3,1,2);
Executed: INSERT INTO 2021_06_23 VALUES ("17:39:24","flarm","HochschDA","3D24DE","1","ICA3D24DE","OGFLR",49.8410167,8.5743667,118.52,413.92,1.01,-0.3,1,2);
Executed: INSERT INTO 2021_06_23 VALUES ("17:39:25","flarm","HochschDA","3D24DE","1","ICA3D24DE","OGFLR",49.84115,8.5747667,120.37,413.0,-1.61,-0.3,1,2);
Executed: INSERT INTO 2021_06_23 VALUES ("17:39:26","flarm","HochschDA","3D24DE","1","ICA3D24DE","OGFLR",49.8413,8.5751833,124.07,409.96,-3.62,-0.3,1,2);
Executed: INSERT INTO 2021_06_23 VALUES ("17:39:28","flarm","HochschDA","3D24DE","1","ICA3D24DE","OGFLR",49.8416333,8.5760667,131.48,402.03,-2.81,-0.9,1,2);
Executed: INSERT INTO 2021_06_23 VALUES ("17:39:30","flarm","HochschDA","3D24DE","1","ICA3D24DE","OGFLR",49.8420333,8.5769167,135.18,398.98,0.2,-0.6,1,2);
Executed: INSERT INTO 2021_06_23 VALUES ("17:39:32","flarm","HochschDA","3D24DE","1","ICA3D24DE","OGFLR",49.8424167,8.5778,133.33,402.03,1.81,0.0,1,2);
Executed: INSERT INTO 2021_06_23 VALUES ("17:39:37","flarm","HochschDA","3D24DE","1","ICA3D24DE","OGFLR",49.84335,8.5799667,137.04,405.08,-0.2,0.0,1,2);
Executed: INSERT INTO 2021_06_23 VALUES ("17:39:40","flarm","HochschDA","3D24DE","1","ICA3D24DE","OGFLR",49.8439667,8.5813167,140.74,402.95,-0.6,0.0,1,2);
Executed: INSERT INTO 2021_06_23 VALUES ("17:39:43","flarm","HochschDA","3D24DE","1","ICA3D24DE","OGFLR",49.8445833,8.5827,142.59,405.99,1.41,-0.9,1,2);
Executed: INSERT INTO 2021_06_23 VALUES ("17:39:46","flarm","HochschDA","3D24DE","1","ICA3D24DE","OGFLR",49.84525,8.5840167,138.89,412.09,2.81,0.3,1,2);
Executed: INSERT INTO 2021_06_23 VALUES ("17:39:51","flarm","HochschDA","3D24DE","1","ICA3D24DE","OGFLR",49.8463167,8.5861667,140.74,419.1,-0.4,-0.3,1,2);
Executed: INSERT INTO 2021_06_23 VALUES ("17:39:55","flarm","HochschDA","3D24DE","1","ICA3D24DE","OGFLR",49.8472667,8.5878833,144.44,418.19,-0.4,-0.3,1,2);
Executed: INSERT INTO 2021_06_23 VALUES ("17:39:57","flarm","HochschDA","3D24DE","1","ICA3D24DE","OGFLR",49.84775,8.5887333,148.15,416.05,-0.8,0.0,1,2);
Executed: INSERT INTO 2021_06_23 VALUES ("17:39:59","flarm","HochschDA","3D24DE","1","ICA3D24DE","OGFLR",49.84825,8.5896333,151.85,413.92,-1.8,0.0,1,2);
Executed: INSERT INTO 2021_06_23 VALUES ("17:40:02","flarm","HochschDA","3D24DE","1","ICA3D24DE","OGFLR",49.8490333,8.59095,153.7,413.0,1.01,-0.3,1,2);
Executed: INSERT INTO 2021_06_23 VALUES ("17:40:06","flarm","HochschDA","3D24DE","1","ICA3D24DE","OGFLR",49.8501,8.5926833,153.7,416.05,-0.6,-0.3,1,2);
Executed: INSERT INTO 2021_06_23 VALUES ("17:40:07","flarm","HochschDA","3D24DE","1","ICA3D24DE","OGFLR",49.8503833,8.5931167,153.7,413.92,-1.8,-0.3,1,2);
Executed: INSERT INTO 2021_06_23 VALUES ("17:40:09","flarm","HochschDA","3D24DE","1","ICA3D24DE","OGFLR",49.8509833,8.5939,159.26,409.04,-3.41,-0.9,1,2);
Executed: INSERT INTO 2021_06_23 VALUES ("17:40:12","flarm","HochschDA","3D24DE","1","ICA3D24DE","OGFLR",49.8519833,8.5950167,162.96,402.95,-1.0,-2.1,1,2);
Executed: INSERT INTO 2021_06_23 VALUES ("17:40:15","flarm","HochschDA","3D24DE","1","ICA3D24DE","OGFLR",49.8531333,8.5957667,162.96,401.12,-0.8,-1.5,1,2);
Executed: INSERT INTO 2021_06_23 VALUES ("17:40:16","flarm","HochschDA","3D24DE","1","ICA3D24DE","OGFLR",49.8535333,8.59595,164.81,398.98,-1.8,-0.9,1,2);
Executed: INSERT INTO 2021_06_23 VALUES ("17:40:19","flarm","HochschDA","3D24DE","1","ICA3D24DE","OGFLR",49.85475,8.59645,168.52,394.11,-1.8,0.0,1,2);
Executed: INSERT INTO 2021_06_23 VALUES ("17:40:24","flarm","HochschDA","3D24DE","1","ICA3D24DE","OGFLR",49.8568333,8.59725,170.37,391.06,-0.8,-0.6,1,2);
Executed: INSERT INTO 2021_06_23 VALUES ("17:40:26","flarm","HochschDA","3D24DE","1","ICA3D24DE","OGFLR",49.8576833,8.5975,172.22,388.92,-0.6,0.0,1,2);
Executed: INSERT INTO 2021_06_23 VALUES ("17:40:28","flarm","HochschDA","3D24DE","1","ICA3D24DE","OGFLR",49.8585333,8.5977667,172.22,386.18,-2.41,0.0,1,2);
Executed: INSERT INTO 2021_06_23 VALUES ("17:40:29","flarm","HochschDA","3D24DE","1","ICA3D24DE","OGFLR",49.8589667,8.5978833,172.22,386.18,0.2,0.0,1,2);
Executed: INSERT INTO 2021_06_23 VALUES ("17:40:30","flarm","HochschDA","3D24DE","1","ICA3D24DE","OGFLR",49.8594,8.5980333,170.37,388.01,1.41,0.0,1,2);
Executed: INSERT INTO 2021_06_23 VALUES ("17:40:32","flarm","HochschDA","3D24DE","1","ICA3D24DE","OGFLR",49.8602333,8.5982667,166.66,391.97,3.42,-0.6,1,2);
Executed: INSERT INTO 2021_06_23 VALUES ("17:40:35","flarm","HochschDA","3D24DE","1","ICA3D24DE","OGFLR",49.8614667,8.59855,164.81,397.15,-1.2,-0.6,1,2);
Executed: INSERT INTO 2021_06_23 VALUES ("17:40:37","flarm","HochschDA","3D24DE","1","ICA3D24DE","OGFLR",49.8623,8.5987167,166.66,391.97,-3.01,0.0,1,2);
Executed: INSERT INTO 2021_06_23 VALUES ("17:40:41","flarm","HochschDA","3D24DE","1","ICA3D24DE","OGFLR",49.864,8.5990333,174.07,380.09,-2.81,0.0,1,2);
Executed: INSERT INTO 2021_06_23 VALUES ("17:40:43","flarm","HochschDA","3D24DE","1","ICA3D24DE","OGFLR",49.8648833,8.5991833,174.07,380.09,0.4,-0.6,1,2);
Executed: INSERT INTO 2021_06_23 VALUES ("17:40:45","flarm","HochschDA","3D24DE","1","ICA3D24DE","OGFLR",49.86575,8.5993,170.37,384.05,3.22,-0.3,1,2);
Executed: INSERT INTO 2021_06_23 VALUES ("17:40:50","flarm","HochschDA","3D24DE","1","ICA3D24DE","OGFLR",49.8678,8.59955,157.41,401.12,2.41,-0.3,1,2);
Executed: INSERT INTO 2021_06_23 VALUES ("17:40:52","flarm","HochschDA","3D24DE","1","ICA3D24DE","OGFLR",49.8686,8.5996167,157.41,402.03,-1.2,-0.3,1,2);
Executed: INSERT INTO 2021_06_23 VALUES ("17:40:53","flarm","HochschDA","3D24DE","1","ICA3D24DE","OGFLR",49.8689833,8.5996333,159.26,398.98,-2.61,0.0,1,2);
Executed: INSERT INTO 2021_06_23 VALUES ("17:40:56","flarm","HochschDA","3D24DE","1","ICA3D24DE","OGFLR",49.8702167,8.5997167,164.81,390.14,-2.61,0.0,1,2);
Executed: INSERT INTO 2021_06_23 VALUES ("17:40:59","flarm","HochschDA","3D24DE","1","ICA3D24DE","OGFLR",49.8714833,8.59985,168.52,381.91,-2.61,0.9,1,2);
Executed: INSERT INTO 2021_06_23 VALUES ("17:41:03","flarm","HochschDA","3D24DE","1","ICA3D24DE","OGFLR",49.8731667,8.6001667,170.37,376.12,0.2,-0.3,1,2);
Executed: INSERT INTO 2021_06_23 VALUES ("17:41:05","flarm","HochschDA","3D24DE","1","ICA3D24DE","OGFLR",49.8740333,8.6002833,166.66,379.17,1.81,-0.6,1,2);
Executed: INSERT INTO 2021_06_23 VALUES ("17:41:07","flarm","HochschDA","3D24DE","1","ICA3D24DE","OGFLR",49.8748667,8.6003,166.66,379.17,-0.4,-0.3,1,2);
Executed: INSERT INTO 2021_06_23 VALUES ("17:41:10","flarm","HochschDA","3D24DE","1","ICA3D24DE","OGFLR",49.8761333,8.6004,164.81,377.04,-1.0,0.6,1,2);
Executed: INSERT INTO 2021_06_23 VALUES ("17:41:18","flarm","HochschDA","3D24DE","1","ICA3D24DE","OGFLR",49.8794833,8.6008667,166.66,370.03,-0.2,0.0,1,2);
Executed: INSERT INTO 2021_06_23 VALUES ("17:41:23","flarm","HochschDA","3D24DE","1","ICA3D24DE","OGFLR",49.8815833,8.60115,166.66,368.2,-1.0,0.0,1,2);

20:01:11 EliServices Ground Assistant Library started.
Loading done in: 0.26sec.
Created table in: 0.01sec.
EliServices GA utility aprs.py at version 2.0

