18:03:05: Started: Success.
18:04:42: Started: Success.
18:04:42: Refreshing...
18:06:01: Started: Success.
18:06:01: Refreshing...
18:06:03: Refreshing: Success.
18:06:03: Exiting: Success.
18:06:45: Started: Success.
18:06:45: Refreshing...
18:06:47: Refreshing: Success.
18:06:47: Exiting: Success.
18:07:12: Started: Success.
18:07:12: Refreshing...
18:07:43: Refreshing: Success.
18:07:43: Exiting: Success.
18:10:01: Started: Success.
18:10:01: Refreshing...
18:10:27: Refreshing: Success.
18:10:27: Exiting: Success.
18:16:45: Started: Success.
18:16:45: Refreshing...
18:23:41: Started: Success.
18:23:41: Refreshing...
18:24:05: Refreshing: Success.
18:24:05: Exiting: Success.
18:24:25: Started: Success.
18:24:25: Refreshing...
18:24:25: Refreshing: Failed to get file, trying again...
18:24:26: Refreshing: Failed (<Response [200]>).
18:24:26: Exiting: Success.
18:31:19: Started: Success.
18:31:19: Refreshing...
18:31:19: Refreshing: Failed to get file, trying again...
18:31:43: Refreshing: Success.
18:31:43: Exiting: Success.
18:32:52: Started: Success.
18:32:52: Refreshing...
18:32:52: Refreshing: Failed to get file, trying again...
18:32:53: Refreshing: Failed to get file, trying again...
18:32:53: Refreshing: Failed to get file, trying again...
18:32:53: Refreshing: Failed to get file, trying again...
18:33:22: Started: Success.
18:33:22: Refreshing...
18:33:22: Refreshing: Failed to get file, trying again...
18:33:22: Refreshing: Failed to get file, trying again...
18:33:22: Refreshing: Failed to get file, trying again...
18:33:22: Refreshing: Failed to get file, trying again...
18:33:22: Refreshing: Failed.
18:33:22: Exiting: Success.
20:33:34: Started: Success.
20:33:34: Refreshing...
20:34:00: Refreshing: Success.
20:34:00: Exiting: Success.
