19:30:41: python
19:30:41: python: Started new script: ga_daemon.py, ProcessName: ga_daemon
19:30:41: ga_daemon
19:30:41: ga_daemon: Exiting.
19:31:04: python
19:31:04: python: Exiting.
19:42:08: python
19:42:08: python: Started new script: ga_daemon.py, ProcessName: ga_daemon
19:42:08: ga_daemon
19:42:08: ga_daemon: Exiting.
19:45:22: python
19:45:22: python: Started new script: ga_daemon.py, ProcessName: ga_daemon
19:45:22: ga_daemon
19:45:22: ga_daemon: Exiting.
19:45:46: python
19:45:46: python: Exiting.
19:48:21: python
19:48:21: python: Started new script: ga_daemon.py, ProcessName: ga_daemon
19:48:21: ga_daemon
19:48:21: ga_daemon: Exiting.
19:48:34: python
19:48:34: python: Exiting.
19:50:22: python
19:50:22: python: Started new script: ga_daemon.py, ProcessName: ga_daemon
19:50:22: ga_daemon
19:50:22: ga_daemon: Exiting.
19:51:57: python
19:51:57: python: Exiting.
07:51:05: python
07:51:05: python: Started new script: ga_daemon.py, ProcessName: ga_daemon
07:51:05: ga_daemon
07:51:05: ga_daemon: Exiting.
19:31:51: python
19:31:51: python: Exiting.
19:43:23: python
19:43:23: python: Started new script: ga_daemon.py, ProcessName: ga_daemon
19:43:23: ga_daemon
19:43:23: ga_daemon: Exiting.
19:44:17: python
19:44:17: python: Exiting.
19:44:43: python
19:44:43: python: Started new script: ga_daemon.py, ProcessName: ga_daemon
19:44:43: ga_daemon
19:44:43: ga_daemon: Exiting.
19:45:11: python
19:45:11: python: Exiting.
